<?xml version="1.0" encoding="UTF-8"?>
<testsuite xmlns:xsi="http://www.w3.org/2001/XMLSchema-instance" xsi:noNamespaceSchemaLocation="https://maven.apache.org/surefire/maven-surefire-plugin/xsd/surefire-test-report-3.0.xsd" version="3.0" name="com.enviro.assessment.grad001.lutendodamuleli.InvestmentApplicationTests" time="4.736" tests="1" errors="0" skipped="0" failures="0">
  <properties>
[...]
</properties>
  <testcase name="contextLoads" classname="com.enviro.assessment.grad001.lutendodamuleli.InvestmentApplicationTests" time="0.523">
    <system-out><![CDATA[Standard Commons Logging discovery in action with spring-jcl: please remove commons-logging.jar from classpath in order to avoid potential conflicts
15:41:33.438 [main] INFO org.springframework.test.context.support.AnnotationConfigContextLoaderUtils -- Could not detect default configuration classes for test class [com.enviro.assessment.grad001.lutendodamuleli.InvestmentApplicationTests]: InvestmentApplicationTests does not declare any static, non-private, non-final, nested classes annotated with @Configuration.
15:41:33.542 [main] INFO org.springframework.boot.test.context.SpringBootTestContextBootstrapper -- Found @SpringBootConfiguration com.enviro.assessment.grad001.lutendodamuleli.InvestmentApplication for test class com.enviro.assessment.grad001.lutendodamuleli.InvestmentApplicationTests

  .   ____          _            __ _ _
 /\\ / ___'_ __ _ _(_)_ __  __ _ \ \ \ \
( ( )\___ | '_ | '_| | '_ \/ _` | \ \ \ \
 \\/  ___)| |_)| | | | | || (_| |  ) ) ) )
  '  |____| .__|_| |_|_| |_\__, | / / / /
 =========|_|==============|___/=/_/_/_/
 :: Spring Boot ::                (v3.1.3)

2023-10-24T15:41:33.922+02:00  INFO 11021 --- [           main] c.e.a.g.l.InvestmentApplicationTests     : Starting InvestmentApplicationTests using Java 18.0.2.1 with PID 11021 (started by admin in /Users/admin/Desktop/work/workspace/investments)
2023-10-24T15:41:33.923+02:00  INFO 11021 --- [           main] c.e.a.g.l.InvestmentApplicationTests     : No active profile set, falling back to 1 default profile: "default"
2023-10-24T15:41:34.684+02:00  INFO 11021 --- [           main] .s.d.r.c.RepositoryConfigurationDelegate : Bootstrapping Spring Data JPA repositories in DEFAULT mode.
2023-10-24T15:41:34.743+02:00  INFO 11021 --- [           main] .s.d.r.c.RepositoryConfigurationDelegate : Finished Spring Data repository scanning in 50 ms. Found 3 JPA repository interfaces.
2023-10-24T15:41:35.189+02:00  INFO 11021 --- [           main] o.hibernate.jpa.internal.util.LogHelper  : HHH000204: Processing PersistenceUnitInfo [name: default]
2023-10-24T15:41:35.229+02:00  INFO 11021 --- [           main] org.hibernate.Version                    : HHH000412: Hibernate ORM core version 6.2.7.Final
2023-10-24T15:41:35.231+02:00  INFO 11021 --- [           main] org.hibernate.cfg.Environment            : HHH000406: Using bytecode reflection optimizer
2023-10-24T15:41:35.356+02:00  INFO 11021 --- [           main] o.h.b.i.BytecodeProviderInitiator        : HHH000021: Bytecode provider name : bytebuddy
2023-10-24T15:41:35.465+02:00  INFO 11021 --- [           main] o.s.o.j.p.SpringPersistenceUnitInfo      : No LoadTimeWeaver setup: ignoring JPA class transformer
2023-10-24T15:41:35.480+02:00  INFO 11021 --- [           main] com.zaxxer.hikari.HikariDataSource       : HikariPool-1 - Starting...
2023-10-24T15:41:35.685+02:00  INFO 11021 --- [           main] com.zaxxer.hikari.pool.HikariPool        : HikariPool-1 - Added connection conn0: url=jdbc:h2:mem:investmentdb user=${USERNAME}
2023-10-24T15:41:35.686+02:00  INFO 11021 --- [           main] com.zaxxer.hikari.HikariDataSource       : HikariPool-1 - Start completed.
2023-10-24T15:41:35.930+02:00  INFO 11021 --- [           main] o.h.b.i.BytecodeProviderInitiator        : HHH000021: Bytecode provider name : bytebuddy
2023-10-24T15:41:36.541+02:00  INFO 11021 --- [           main] o.h.e.t.j.p.i.JtaPlatformInitiator       : HHH000490: Using JtaPlatform implementation: [org.hibernate.engine.transaction.jta.platform.internal.NoJtaPlatform]
Hibernate: 
    drop table if exists address cascade 
Hibernate: 
    drop table if exists contact cascade 
Hibernate: 
    drop table if exists investor cascade 
Hibernate: 
    drop table if exists personal cascade 
Hibernate: 
    drop table if exists product cascade 
Hibernate: 
    drop table if exists withdrawal cascade 
Hibernate: 
    create table address (
        address_id bigint generated by default as identity,
        city varchar(255),
        first_line varchar(255),
        second_lind varchar(255),
        zip_code varchar(255),
        primary key (address_id)
    )
Hibernate: 
    create table contact (
        contact_id bigint generated by default as identity,
        email varchar(255),
        phone_number varchar(255),
        primary key (contact_id)
    )
Hibernate: 
    create table investor (
        fk_add_id bigint unique,
        fk_con_id bigint unique,
        fk_pers_id bigint unique,
        id bigint generated by default as identity,
        primary key (id)
    )
Hibernate: 
    create table personal (
        birth_date date,
        personal_id bigint generated by default as identity,
        first_name varchar(255),
        gender varchar(255),
        last_name varchar(255),
        nationality varchar(255),
        primary key (personal_id)
    )
Hibernate: 
    create table product (
        current_balance float(53),
        previous_balance float(53),
        type tinyint check (type between 0 and 1),
        fk_invest_id bigint,
        product_id bigint generated by default as identity,
        name varchar(255),
        primary key (product_id)
    )
Hibernate: 
    create table withdrawal (
        closing_amount float(53),
        status tinyint check (status between 0 and 1),
        withdraw_from tinyint check (withdraw_from between 0 and 1),
        withdrawal_amount float(53),
        withdrawal_date date,
        fk_invest_id bigint,
        withdrawal_id bigint generated by default as identity,
        account_number varchar(255),
        bank_type varchar(255),
        name varchar(255),
        primary key (withdrawal_id)
    )
Hibernate: 
    alter table if exists investor 
       add constraint FK42g151fa2kbwjy83oqr4cnaxk 
       foreign key (fk_add_id) 
       references address
Hibernate: 
    alter table if exists investor 
       add constraint FKcon0qk5wgkddbdwnokpxs1tp9 
       foreign key (fk_con_id) 
       references contact
Hibernate: 
    alter table if exists investor 
       add constraint FKk62rjb089t22b1wgm4wx5uha9 
       foreign key (fk_pers_id) 
       references personal
Hibernate: 
    alter table if exists product 
       add constraint FK7mq2ffgpq8ewn5wttowc3i7sq 
       foreign key (fk_invest_id) 
       references investor
Hibernate: 
    alter table if exists withdrawal 
       add constraint FKsrv6wwfkh3903l604pubckn3f 
       foreign key (fk_invest_id) 
       references investor
2023-10-24T15:41:36.595+02:00  INFO 11021 --- [           main] j.LocalContainerEntityManagerFactoryBean : Initialized JPA EntityManagerFactory for persistence unit 'default'
2023-10-24T15:41:37.066+02:00  WARN 11021 --- [           main] JpaBaseConfiguration$JpaWebConfiguration : spring.jpa.open-in-view is enabled by default. Therefore, database queries may be performed during view rendering. Explicitly configure spring.jpa.open-in-view to disable this warning
2023-10-24T15:41:37.415+02:00  INFO 11021 --- [           main] o.s.b.a.h2.H2ConsoleAutoConfiguration    : H2 console available at '/h2-console'. Database available at 'jdbc:h2:mem:investmentdb'
2023-10-24T15:41:37.461+02:00  INFO 11021 --- [           main] c.e.a.g.l.InvestmentApplicationTests     : Started InvestmentApplicationTests in 3.791 seconds (process running for 4.704)
]]></system-out>
  </testcase>
</testsuite>